<?xml version="1.0" encoding="UTF-8"?>
<testng-results skipped="0" failed="0" total="1" passed="1">
  <reporter-output>
  </reporter-output>
  <suite name="Default suite" duration-ms="3045" started-at="2018-10-12T20:46:06Z" finished-at="2018-10-12T20:46:09Z">
    <groups>
    </groups>
    <test name="Default test" duration-ms="3045" started-at="2018-10-12T20:46:06Z" finished-at="2018-10-12T20:46:09Z">
      <class name="restWork.RealRest">
        <test-method status="PASS" signature="Web_2234()[pri:0, instance:restWork.RealRest@482f8f11]" name="Web_2234" duration-ms="3015" started-at="2018-10-13T02:16:06Z" finished-at="2018-10-13T02:16:09Z">
          <reporter-output>
          </reporter-output>
        </test-method> <!-- Web_2234 -->
      </class> <!-- restWork.RealRest -->
    </test> <!-- Default test -->
  </suite> <!-- Default suite -->
</testng-results>
